{
  "stats": {
    "suites": 0,
    "tests": 4,
    "passes": 3,
    "pending": 0,
    "failures": 1,
    "start": "2023-02-26T15:29:14.215Z",
    "end": "2023-02-26T15:29:28.619Z",
    "duration": 14404,
    "testsRegistered": 4,
    "passPercent": 75,
    "pendingPercent": 0,
    "other": 0,
    "hasOther": false,
    "skipped": 0,
    "hasSkipped": false
  },
  "results": [
    {
      "uuid": "2aa1d632-672e-44aa-9a5c-4a4863289dae",
      "title": "",
      "fullFile": "cypress/integration/login.ts",
      "file": "cypress/integration/login.ts",
      "beforeHooks": [],
      "afterHooks": [],
      "tests": [
        {
          "title": "Test LOGIN",
          "fullTitle": "Test LOGIN",
          "timedOut": null,
          "duration": 3629,
          "state": "passed",
          "speed": "fast",
          "pass": true,
          "fail": false,
          "pending": false,
          "context": null,
          "code": "loginPage.login(URL, 'standard_user', 'secret_sauce');\nloginPage.assertLogin();",
          "err": {},
          "uuid": "6a0a8aec-549c-4056-8b1c-b6409aa06946",
          "parentUUID": "2aa1d632-672e-44aa-9a5c-4a4863289dae",
          "isHook": false,
          "skipped": false
        },
        {
          "title": "Test Sauce Demo Invalid Password",
          "fullTitle": "Test Sauce Demo Invalid Password",
          "timedOut": null,
          "duration": 1645,
          "state": "passed",
          "speed": "fast",
          "pass": true,
          "fail": false,
          "pending": false,
          "context": null,
          "code": "loginPage.login(URL, 'standard_user', 'invalidPass');\nloginPage.assertLoginFail();",
          "err": {},
          "uuid": "6082b36e-450c-4173-8a9c-6c5b9819b14b",
          "parentUUID": "2aa1d632-672e-44aa-9a5c-4a4863289dae",
          "isHook": false,
          "skipped": false
        },
        {
          "title": "Test Sauce Demo Sauce labs product backpack",
          "fullTitle": "Test Sauce Demo Sauce labs product backpack",
          "timedOut": null,
          "duration": 2679,
          "state": "passed",
          "speed": "fast",
          "pass": true,
          "fail": false,
          "pending": false,
          "context": null,
          "code": "loginPage.login(URL, 'standard_user', 'secret_sauce');\nloginPage.assertLogin();\ndashboardPage.sauceLabsBackpack();",
          "err": {},
          "uuid": "b483e53b-4eef-408d-995d-15e4dead5d81",
          "parentUUID": "2aa1d632-672e-44aa-9a5c-4a4863289dae",
          "isHook": false,
          "skipped": false
        },
        {
          "title": "Filter product from low to high",
          "fullTitle": "Filter product from low to high",
          "timedOut": null,
          "duration": 1870,
          "state": "failed",
          "speed": null,
          "pass": false,
          "fail": true,
          "pending": false,
          "context": null,
          "code": "loginPage.login(URL, 'standard_user', 'secret_sauce');\nloginPage.assertLogin();\ndashboardPage.saucelabfilter();",
          "err": {
            "message": "Error: Syntax error, unrecognized expression: //*[@id=\"header_container\"]/div[2]/div[2]/span/select",
            "estack": "Error: Syntax error, unrecognized expression: //*[@id=\"header_container\"]/div[2]/div[2]/span/select\n    at Function.Sizzle.error (https://www.saucedemo.com/__cypress/runner/cypress_runner.js:109597:8)\n    at Sizzle.tokenize (https://www.saucedemo.com/__cypress/runner/cypress_runner.js:110249:11)\n    at Sizzle.select (https://www.saucedemo.com/__cypress/runner/cypress_runner.js:110676:20)\n    at Function.Sizzle [as find] (https://www.saucedemo.com/__cypress/runner/cypress_runner.js:108901:9)\n    at jQuery.fn.init.find (https://www.saucedemo.com/__cypress/runner/cypress_runner.js:110932:11)\n    at new jQuery.fn.init (https://www.saucedemo.com/__cypress/runner/cypress_runner.js:111047:40)\n    at Object.query (https://www.saucedemo.com/__cypress/runner/cypress_runner.js:184887:10)\n    at $Cy.$$ (https://www.saucedemo.com/__cypress/runner/cypress_runner.js:173026:65)\n    at getElements (https://www.saucedemo.com/__cypress/runner/cypress_runner.js:159826:20)\n    at tryCatcher (https://www.saucedemo.com/__cypress/runner/cypress_runner.js:13022:23)\n    at Function.Promise.attempt.Promise.try (https://www.saucedemo.com/__cypress/runner/cypress_runner.js:10296:29)\n    at resolveElements (https://www.saucedemo.com/__cypress/runner/cypress_runner.js:159876:67)\n    at Context.get (https://www.saucedemo.com/__cypress/runner/cypress_runner.js:159887:14)\n    at https://www.saucedemo.com/__cypress/runner/cypress_runner.js:172123:15\n    at tryCatcher (https://www.saucedemo.com/__cypress/runner/cypress_runner.js:13022:23)",
            "diff": null
          },
          "uuid": "1b7ae75e-cc37-40e4-b1e6-eebaa85caabb",
          "parentUUID": "2aa1d632-672e-44aa-9a5c-4a4863289dae",
          "isHook": false,
          "skipped": false
        }
      ],
      "suites": [],
      "passes": [
        "6a0a8aec-549c-4056-8b1c-b6409aa06946",
        "6082b36e-450c-4173-8a9c-6c5b9819b14b",
        "b483e53b-4eef-408d-995d-15e4dead5d81"
      ],
      "failures": [
        "1b7ae75e-cc37-40e4-b1e6-eebaa85caabb"
      ],
      "pending": [],
      "skipped": [],
      "duration": 9823,
      "root": true,
      "rootEmpty": false,
      "_timeout": 2000
    }
  ],
  "meta": {
    "mocha": {
      "version": "7.0.1"
    },
    "mochawesome": {
      "options": {
        "quiet": false,
        "reportFilename": "mochawesome",
        "saveHtml": false,
        "saveJson": true,
        "consoleReporter": "spec",
        "useInlineDiffs": false,
        "code": true
      },
      "version": "7.1.3"
    },
    "marge": {
      "options": {
        "chart": true,
        "overwrite": false,
        "html": false,
        "json": true,
        "reportDir": "cypress/reports"
      },
      "version": "6.2.0"
    }
  }
}