{
  "stats": {
    "suites": 0,
    "tests": 5,
    "passes": 5,
    "pending": 0,
    "failures": 0,
    "start": "2023-02-26T16:10:19.605Z",
    "end": "2023-02-26T16:10:36.289Z",
    "duration": 16684,
    "testsRegistered": 5,
    "passPercent": 100,
    "pendingPercent": 0,
    "other": 0,
    "hasOther": false,
    "skipped": 0,
    "hasSkipped": false
  },
  "results": [
    {
      "uuid": "266c23f8-a24d-499b-9e60-4d2259bf86c8",
      "title": "",
      "fullFile": "cypress/integration/login.ts",
      "file": "cypress/integration/login.ts",
      "beforeHooks": [],
      "afterHooks": [],
      "tests": [
        {
          "title": "Test LOGIN",
          "fullTitle": "Test LOGIN",
          "timedOut": null,
          "duration": 3327,
          "state": "passed",
          "speed": "fast",
          "pass": true,
          "fail": false,
          "pending": false,
          "context": null,
          "code": "loginPage.login(URL, 'standard_user', 'secret_sauce');\nloginPage.assertLogin();",
          "err": {},
          "uuid": "95aa95ad-de3e-41ec-b1d2-835bbb7117ce",
          "parentUUID": "266c23f8-a24d-499b-9e60-4d2259bf86c8",
          "isHook": false,
          "skipped": false
        },
        {
          "title": "Test Sauce Demo Invalid Password",
          "fullTitle": "Test Sauce Demo Invalid Password",
          "timedOut": null,
          "duration": 2102,
          "state": "passed",
          "speed": "fast",
          "pass": true,
          "fail": false,
          "pending": false,
          "context": null,
          "code": "loginPage.login(URL, 'standard_user', 'invalidPass');\nloginPage.assertLoginFail();",
          "err": {},
          "uuid": "a5bd5c45-bb9b-47c9-aeb2-7c3399d08c41",
          "parentUUID": "266c23f8-a24d-499b-9e60-4d2259bf86c8",
          "isHook": false,
          "skipped": false
        },
        {
          "title": "Test Sauce Demo Sauce labs product backpack",
          "fullTitle": "Test Sauce Demo Sauce labs product backpack",
          "timedOut": null,
          "duration": 2123,
          "state": "passed",
          "speed": "fast",
          "pass": true,
          "fail": false,
          "pending": false,
          "context": null,
          "code": "loginPage.login(URL, 'standard_user', 'secret_sauce');\nloginPage.assertLogin();\ndashboardPage.sauceLabsBackpack();",
          "err": {},
          "uuid": "e2ef6adf-3217-451a-8c26-c5cca4cf862e",
          "parentUUID": "266c23f8-a24d-499b-9e60-4d2259bf86c8",
          "isHook": false,
          "skipped": false
        },
        {
          "title": "Filter product from low to high",
          "fullTitle": "Filter product from low to high",
          "timedOut": null,
          "duration": 2856,
          "state": "passed",
          "speed": "fast",
          "pass": true,
          "fail": false,
          "pending": false,
          "context": null,
          "code": "loginPage.login(URL, 'standard_user', 'secret_sauce');\nloginPage.assertLogin();\ndashboardPage.saucelabfilter();",
          "err": {},
          "uuid": "2c307464-a458-4c32-a646-0d34db5ec4f8",
          "parentUUID": "266c23f8-a24d-499b-9e60-4d2259bf86c8",
          "isHook": false,
          "skipped": false
        },
        {
          "title": "Add to cart",
          "fullTitle": "Add to cart",
          "timedOut": null,
          "duration": 2319,
          "state": "passed",
          "speed": "fast",
          "pass": true,
          "fail": false,
          "pending": false,
          "context": null,
          "code": "loginPage.login(URL, 'standard_user', 'secret_sauce');\nloginPage.assertLogin();\ndashboardPage.saucelabaddtocart();",
          "err": {},
          "uuid": "895754fc-db4a-44f5-b86d-bf35e0e6c76b",
          "parentUUID": "266c23f8-a24d-499b-9e60-4d2259bf86c8",
          "isHook": false,
          "skipped": false
        }
      ],
      "suites": [],
      "passes": [
        "95aa95ad-de3e-41ec-b1d2-835bbb7117ce",
        "a5bd5c45-bb9b-47c9-aeb2-7c3399d08c41",
        "e2ef6adf-3217-451a-8c26-c5cca4cf862e",
        "2c307464-a458-4c32-a646-0d34db5ec4f8",
        "895754fc-db4a-44f5-b86d-bf35e0e6c76b"
      ],
      "failures": [],
      "pending": [],
      "skipped": [],
      "duration": 12727,
      "root": true,
      "rootEmpty": false,
      "_timeout": 2000
    }
  ],
  "meta": {
    "mocha": {
      "version": "7.0.1"
    },
    "mochawesome": {
      "options": {
        "quiet": false,
        "reportFilename": "mochawesome",
        "saveHtml": false,
        "saveJson": true,
        "consoleReporter": "spec",
        "useInlineDiffs": false,
        "code": true
      },
      "version": "7.1.3"
    },
    "marge": {
      "options": {
        "chart": true,
        "overwrite": false,
        "html": false,
        "json": true,
        "reportDir": "cypress/reports"
      },
      "version": "6.2.0"
    }
  }
}