{
  "stats": {
    "suites": 0,
    "tests": 5,
    "passes": 3,
    "pending": 0,
    "failures": 2,
    "start": "2023-02-26T15:43:02.676Z",
    "end": "2023-02-26T15:43:22.684Z",
    "duration": 20008,
    "testsRegistered": 5,
    "passPercent": 60,
    "pendingPercent": 0,
    "other": 0,
    "hasOther": false,
    "skipped": 0,
    "hasSkipped": false
  },
  "results": [
    {
      "uuid": "85c3791c-78fa-4a1f-ad70-4cffc8ccfcae",
      "title": "",
      "fullFile": "cypress/integration/login.ts",
      "file": "cypress/integration/login.ts",
      "beforeHooks": [],
      "afterHooks": [],
      "tests": [
        {
          "title": "Test LOGIN",
          "fullTitle": "Test LOGIN",
          "timedOut": null,
          "duration": 2898,
          "state": "passed",
          "speed": "fast",
          "pass": true,
          "fail": false,
          "pending": false,
          "context": null,
          "code": "loginPage.login(URL, 'standard_user', 'secret_sauce');\nloginPage.assertLogin();",
          "err": {},
          "uuid": "f2e37993-b37e-4b8f-95df-bedaf4377761",
          "parentUUID": "85c3791c-78fa-4a1f-ad70-4cffc8ccfcae",
          "isHook": false,
          "skipped": false
        },
        {
          "title": "Test Sauce Demo Invalid Password",
          "fullTitle": "Test Sauce Demo Invalid Password",
          "timedOut": null,
          "duration": 2110,
          "state": "passed",
          "speed": "fast",
          "pass": true,
          "fail": false,
          "pending": false,
          "context": null,
          "code": "loginPage.login(URL, 'standard_user', 'invalidPass');\nloginPage.assertLoginFail();",
          "err": {},
          "uuid": "a5c521f0-e2f0-4429-8917-4e07e64f48bd",
          "parentUUID": "85c3791c-78fa-4a1f-ad70-4cffc8ccfcae",
          "isHook": false,
          "skipped": false
        },
        {
          "title": "Test Sauce Demo Sauce labs product backpack",
          "fullTitle": "Test Sauce Demo Sauce labs product backpack",
          "timedOut": null,
          "duration": 2129,
          "state": "passed",
          "speed": "fast",
          "pass": true,
          "fail": false,
          "pending": false,
          "context": null,
          "code": "loginPage.login(URL, 'standard_user', 'secret_sauce');\nloginPage.assertLogin();\ndashboardPage.sauceLabsBackpack();",
          "err": {},
          "uuid": "ff33162f-ab32-497d-9bbb-9846e41e3a9f",
          "parentUUID": "85c3791c-78fa-4a1f-ad70-4cffc8ccfcae",
          "isHook": false,
          "skipped": false
        },
        {
          "title": "Filter product from low to high",
          "fullTitle": "Filter product from low to high",
          "timedOut": null,
          "duration": 3585,
          "state": "failed",
          "speed": null,
          "pass": false,
          "fail": true,
          "pending": false,
          "context": null,
          "code": "loginPage.login(URL, 'standard_user', 'secret_sauce');\nloginPage.assertLogin();\ndashboardPage.saucelabfilter();",
          "err": {
            "message": "CypressError: `cy.select()` can only be called on a single `<select>`. Your subject contained 2 elements.\n\nhttps://on.cypress.io/select",
            "estack": "CypressError: `cy.select()` can only be called on a single `<select>`. Your subject contained 2 elements.\n\nhttps://on.cypress.io/select\n    at Context.select (https://www.saucedemo.com/__cypress/runner/cypress_runner.js:153654:78)\n    at Context.<anonymous> (https://www.saucedemo.com/__cypress/runner/cypress_runner.js:173267:19)\nFrom Your Spec Code:\n    at DashboardPage.saucelabfilter (https://www.saucedemo.com/__cypress/tests?p=cypress\\integration\\login.ts:153:29)\n    at Context.eval (https://www.saucedemo.com/__cypress/tests?p=cypress\\integration\\login.ts:120:19)",
            "diff": null
          },
          "uuid": "5f232882-ad86-4590-819a-d81a510132dc",
          "parentUUID": "85c3791c-78fa-4a1f-ad70-4cffc8ccfcae",
          "isHook": false,
          "skipped": false
        },
        {
          "title": "Add to cart",
          "fullTitle": "Add to cart",
          "timedOut": null,
          "duration": 6651,
          "state": "failed",
          "speed": null,
          "pass": false,
          "fail": true,
          "pending": false,
          "context": null,
          "code": "loginPage.login(URL, 'standard_user', 'secret_sauce');\nloginPage.assertLogin();\ndashboardPage.saucelabaddtocart();",
          "err": {
            "message": "AssertionError: Timed out retrying after 4000ms: Expected to find content: '#add-to-cart-sauce-labs-backpack' but never did.",
            "estack": "AssertionError: Timed out retrying after 4000ms: Expected to find content: '#add-to-cart-sauce-labs-backpack' but never did.\n    at DashboardPage.saucelabaddtocart (https://www.saucedemo.com/__cypress/tests?p=cypress\\integration\\login.ts:156:12)\n    at Context.eval (https://www.saucedemo.com/__cypress/tests?p=cypress\\integration\\login.ts:125:19)",
            "diff": null
          },
          "uuid": "9deebdec-d63f-4a12-b957-522960b65878",
          "parentUUID": "85c3791c-78fa-4a1f-ad70-4cffc8ccfcae",
          "isHook": false,
          "skipped": false
        }
      ],
      "suites": [],
      "passes": [
        "f2e37993-b37e-4b8f-95df-bedaf4377761",
        "a5c521f0-e2f0-4429-8917-4e07e64f48bd",
        "ff33162f-ab32-497d-9bbb-9846e41e3a9f"
      ],
      "failures": [
        "5f232882-ad86-4590-819a-d81a510132dc",
        "9deebdec-d63f-4a12-b957-522960b65878"
      ],
      "pending": [],
      "skipped": [],
      "duration": 17373,
      "root": true,
      "rootEmpty": false,
      "_timeout": 2000
    }
  ],
  "meta": {
    "mocha": {
      "version": "7.0.1"
    },
    "mochawesome": {
      "options": {
        "quiet": false,
        "reportFilename": "mochawesome",
        "saveHtml": false,
        "saveJson": true,
        "consoleReporter": "spec",
        "useInlineDiffs": false,
        "code": true
      },
      "version": "7.1.3"
    },
    "marge": {
      "options": {
        "chart": true,
        "overwrite": false,
        "html": false,
        "json": true,
        "reportDir": "cypress/reports"
      },
      "version": "6.2.0"
    }
  }
}