{
  "stats": {
    "suites": 0,
    "tests": 5,
    "passes": 4,
    "pending": 0,
    "failures": 1,
    "start": "2023-02-26T16:06:42.510Z",
    "end": "2023-02-26T16:07:03.087Z",
    "duration": 20577,
    "testsRegistered": 5,
    "passPercent": 80,
    "pendingPercent": 0,
    "other": 0,
    "hasOther": false,
    "skipped": 0,
    "hasSkipped": false
  },
  "results": [
    {
      "uuid": "d77c61bf-b72d-4731-9beb-7fb5f1224695",
      "title": "",
      "fullFile": "cypress/integration/login.ts",
      "file": "cypress/integration/login.ts",
      "beforeHooks": [],
      "afterHooks": [],
      "tests": [
        {
          "title": "Test LOGIN",
          "fullTitle": "Test LOGIN",
          "timedOut": null,
          "duration": 4248,
          "state": "passed",
          "speed": "fast",
          "pass": true,
          "fail": false,
          "pending": false,
          "context": null,
          "code": "loginPage.login(URL, 'standard_user', 'secret_sauce');\nloginPage.assertLogin();",
          "err": {},
          "uuid": "ec5af319-383f-4e3d-8cc5-df984cd6880f",
          "parentUUID": "d77c61bf-b72d-4731-9beb-7fb5f1224695",
          "isHook": false,
          "skipped": false
        },
        {
          "title": "Test Sauce Demo Invalid Password",
          "fullTitle": "Test Sauce Demo Invalid Password",
          "timedOut": null,
          "duration": 2470,
          "state": "passed",
          "speed": "fast",
          "pass": true,
          "fail": false,
          "pending": false,
          "context": null,
          "code": "loginPage.login(URL, 'standard_user', 'invalidPass');\nloginPage.assertLoginFail();",
          "err": {},
          "uuid": "f2c7e4e1-53e9-4a1d-9b83-b821f1beb3d0",
          "parentUUID": "d77c61bf-b72d-4731-9beb-7fb5f1224695",
          "isHook": false,
          "skipped": false
        },
        {
          "title": "Test Sauce Demo Sauce labs product backpack",
          "fullTitle": "Test Sauce Demo Sauce labs product backpack",
          "timedOut": null,
          "duration": 2209,
          "state": "passed",
          "speed": "fast",
          "pass": true,
          "fail": false,
          "pending": false,
          "context": null,
          "code": "loginPage.login(URL, 'standard_user', 'secret_sauce');\nloginPage.assertLogin();\ndashboardPage.sauceLabsBackpack();",
          "err": {},
          "uuid": "3abf470a-6424-4d34-900c-8e9794a9f118",
          "parentUUID": "d77c61bf-b72d-4731-9beb-7fb5f1224695",
          "isHook": false,
          "skipped": false
        },
        {
          "title": "Filter product from low to high",
          "fullTitle": "Filter product from low to high",
          "timedOut": null,
          "duration": 2643,
          "state": "failed",
          "speed": null,
          "pass": false,
          "fail": true,
          "pending": false,
          "context": null,
          "code": "loginPage.login(URL, 'standard_user', 'secret_sauce');\nloginPage.assertLogin();\ndashboardPage.saucelabfilter();",
          "err": {
            "message": "CypressError: `cy.select()` can only be called on a single `<select>`. Your subject contained 2 elements.\n\nhttps://on.cypress.io/select",
            "estack": "CypressError: `cy.select()` can only be called on a single `<select>`. Your subject contained 2 elements.\n\nhttps://on.cypress.io/select\n    at Context.select (https://www.saucedemo.com/__cypress/runner/cypress_runner.js:153654:78)\n    at Context.<anonymous> (https://www.saucedemo.com/__cypress/runner/cypress_runner.js:173267:19)\nFrom Your Spec Code:\n    at DashboardPage.saucelabfilter (https://www.saucedemo.com/__cypress/tests?p=cypress\\integration\\login.ts:153:29)\n    at Context.eval (https://www.saucedemo.com/__cypress/tests?p=cypress\\integration\\login.ts:120:19)",
            "diff": null
          },
          "uuid": "6b787a3f-7892-465a-9511-6ea01997d707",
          "parentUUID": "d77c61bf-b72d-4731-9beb-7fb5f1224695",
          "isHook": false,
          "skipped": false
        },
        {
          "title": "Add to cart",
          "fullTitle": "Add to cart",
          "timedOut": null,
          "duration": 2898,
          "state": "passed",
          "speed": "fast",
          "pass": true,
          "fail": false,
          "pending": false,
          "context": null,
          "code": "loginPage.login(URL, 'standard_user', 'secret_sauce');\nloginPage.assertLogin();\ndashboardPage.saucelabaddtocart();",
          "err": {},
          "uuid": "94db7673-217b-4ebd-98c1-8a146f8075ce",
          "parentUUID": "d77c61bf-b72d-4731-9beb-7fb5f1224695",
          "isHook": false,
          "skipped": false
        }
      ],
      "suites": [],
      "passes": [
        "ec5af319-383f-4e3d-8cc5-df984cd6880f",
        "f2c7e4e1-53e9-4a1d-9b83-b821f1beb3d0",
        "3abf470a-6424-4d34-900c-8e9794a9f118",
        "94db7673-217b-4ebd-98c1-8a146f8075ce"
      ],
      "failures": [
        "6b787a3f-7892-465a-9511-6ea01997d707"
      ],
      "pending": [],
      "skipped": [],
      "duration": 14468,
      "root": true,
      "rootEmpty": false,
      "_timeout": 2000
    }
  ],
  "meta": {
    "mocha": {
      "version": "7.0.1"
    },
    "mochawesome": {
      "options": {
        "quiet": false,
        "reportFilename": "mochawesome",
        "saveHtml": false,
        "saveJson": true,
        "consoleReporter": "spec",
        "useInlineDiffs": false,
        "code": true
      },
      "version": "7.1.3"
    },
    "marge": {
      "options": {
        "chart": true,
        "overwrite": false,
        "html": false,
        "json": true,
        "reportDir": "cypress/reports"
      },
      "version": "6.2.0"
    }
  }
}