{
  "stats": {
    "suites": 0,
    "tests": 5,
    "passes": 3,
    "pending": 0,
    "failures": 2,
    "start": "2023-02-26T15:51:49.895Z",
    "end": "2023-02-26T15:52:14.917Z",
    "duration": 25022,
    "testsRegistered": 5,
    "passPercent": 60,
    "pendingPercent": 0,
    "other": 0,
    "hasOther": false,
    "skipped": 0,
    "hasSkipped": false
  },
  "results": [
    {
      "uuid": "605e876c-5d0a-4b36-8192-6dafbceaf9e4",
      "title": "",
      "fullFile": "cypress/integration/login.ts",
      "file": "cypress/integration/login.ts",
      "beforeHooks": [],
      "afterHooks": [],
      "tests": [
        {
          "title": "Test LOGIN",
          "fullTitle": "Test LOGIN",
          "timedOut": null,
          "duration": 3504,
          "state": "passed",
          "speed": "fast",
          "pass": true,
          "fail": false,
          "pending": false,
          "context": null,
          "code": "loginPage.login(URL, 'standard_user', 'secret_sauce');\nloginPage.assertLogin();",
          "err": {},
          "uuid": "c6fe204e-d5e2-4e48-b35e-76353be9f237",
          "parentUUID": "605e876c-5d0a-4b36-8192-6dafbceaf9e4",
          "isHook": false,
          "skipped": false
        },
        {
          "title": "Test Sauce Demo Invalid Password",
          "fullTitle": "Test Sauce Demo Invalid Password",
          "timedOut": null,
          "duration": 3226,
          "state": "passed",
          "speed": "fast",
          "pass": true,
          "fail": false,
          "pending": false,
          "context": null,
          "code": "loginPage.login(URL, 'standard_user', 'invalidPass');\nloginPage.assertLoginFail();",
          "err": {},
          "uuid": "640100f5-13cf-4812-9b1a-c9d9ce0e84c9",
          "parentUUID": "605e876c-5d0a-4b36-8192-6dafbceaf9e4",
          "isHook": false,
          "skipped": false
        },
        {
          "title": "Test Sauce Demo Sauce labs product backpack",
          "fullTitle": "Test Sauce Demo Sauce labs product backpack",
          "timedOut": null,
          "duration": 2277,
          "state": "passed",
          "speed": "fast",
          "pass": true,
          "fail": false,
          "pending": false,
          "context": null,
          "code": "loginPage.login(URL, 'standard_user', 'secret_sauce');\nloginPage.assertLogin();\ndashboardPage.sauceLabsBackpack();",
          "err": {},
          "uuid": "16e319bd-3405-446e-b3d1-ee461ca16381",
          "parentUUID": "605e876c-5d0a-4b36-8192-6dafbceaf9e4",
          "isHook": false,
          "skipped": false
        },
        {
          "title": "Filter product from low to high",
          "fullTitle": "Filter product from low to high",
          "timedOut": null,
          "duration": 2645,
          "state": "failed",
          "speed": null,
          "pass": false,
          "fail": true,
          "pending": false,
          "context": null,
          "code": "loginPage.login(URL, 'standard_user', 'secret_sauce');\nloginPage.assertLogin();\ndashboardPage.saucelabfilter();",
          "err": {
            "message": "CypressError: `cy.click()` can only be called on a single element. Your subject contained 2 elements. Pass `{ multiple: true }` if you want to serially click each element.\n\nhttps://on.cypress.io/click",
            "estack": "CypressError: `cy.click()` can only be called on a single element. Your subject contained 2 elements. Pass `{ multiple: true }` if you want to serially click each element.\n\nhttps://on.cypress.io/click\n    at mouseAction (https://www.saucedemo.com/__cypress/runner/cypress_runner.js:152534:76)\n    at Context.click (https://www.saucedemo.com/__cypress/runner/cypress_runner.js:152713:14)\n    at Context.<anonymous> (https://www.saucedemo.com/__cypress/runner/cypress_runner.js:173267:19)\nFrom Your Spec Code:\n    at DashboardPage.saucelabfilter (https://www.saucedemo.com/__cypress/tests?p=cypress\\integration\\login.ts:153:29)\n    at Context.eval (https://www.saucedemo.com/__cypress/tests?p=cypress\\integration\\login.ts:120:19)",
            "diff": null
          },
          "uuid": "fa0404a9-3f35-4beb-82f1-5d0c378c14fb",
          "parentUUID": "605e876c-5d0a-4b36-8192-6dafbceaf9e4",
          "isHook": false,
          "skipped": false
        },
        {
          "title": "Add to cart",
          "fullTitle": "Add to cart",
          "timedOut": null,
          "duration": 6389,
          "state": "failed",
          "speed": null,
          "pass": false,
          "fail": true,
          "pending": false,
          "context": null,
          "code": "loginPage.login(URL, 'standard_user', 'secret_sauce');\nloginPage.assertLogin();\ndashboardPage.saucelabaddtocart();",
          "err": {
            "message": "AssertionError: Timed out retrying after 4000ms: Expected to find content: '#add-to-cart-sauce-labs-backpack' but never did.",
            "estack": "AssertionError: Timed out retrying after 4000ms: Expected to find content: '#add-to-cart-sauce-labs-backpack' but never did.\n    at DashboardPage.saucelabaddtocart (https://www.saucedemo.com/__cypress/tests?p=cypress\\integration\\login.ts:157:12)\n    at Context.eval (https://www.saucedemo.com/__cypress/tests?p=cypress\\integration\\login.ts:125:19)",
            "diff": null
          },
          "uuid": "0a7f9c39-6b58-4440-9fa3-d16513d5cf6b",
          "parentUUID": "605e876c-5d0a-4b36-8192-6dafbceaf9e4",
          "isHook": false,
          "skipped": false
        }
      ],
      "suites": [],
      "passes": [
        "c6fe204e-d5e2-4e48-b35e-76353be9f237",
        "640100f5-13cf-4812-9b1a-c9d9ce0e84c9",
        "16e319bd-3405-446e-b3d1-ee461ca16381"
      ],
      "failures": [
        "fa0404a9-3f35-4beb-82f1-5d0c378c14fb",
        "0a7f9c39-6b58-4440-9fa3-d16513d5cf6b"
      ],
      "pending": [],
      "skipped": [],
      "duration": 18041,
      "root": true,
      "rootEmpty": false,
      "_timeout": 2000
    }
  ],
  "meta": {
    "mocha": {
      "version": "7.0.1"
    },
    "mochawesome": {
      "options": {
        "quiet": false,
        "reportFilename": "mochawesome",
        "saveHtml": false,
        "saveJson": true,
        "consoleReporter": "spec",
        "useInlineDiffs": false,
        "code": true
      },
      "version": "7.1.3"
    },
    "marge": {
      "options": {
        "chart": true,
        "overwrite": false,
        "html": false,
        "json": true,
        "reportDir": "cypress/reports"
      },
      "version": "6.2.0"
    }
  }
}