{
  "stats": {
    "suites": 0,
    "tests": 5,
    "passes": 3,
    "pending": 0,
    "failures": 2,
    "start": "2023-02-26T16:00:09.045Z",
    "end": "2023-02-26T16:00:33.553Z",
    "duration": 24508,
    "testsRegistered": 5,
    "passPercent": 60,
    "pendingPercent": 0,
    "other": 0,
    "hasOther": false,
    "skipped": 0,
    "hasSkipped": false
  },
  "results": [
    {
      "uuid": "93fbe8d1-97df-47b0-adbd-bb1472d9953c",
      "title": "",
      "fullFile": "cypress/integration/login.ts",
      "file": "cypress/integration/login.ts",
      "beforeHooks": [],
      "afterHooks": [],
      "tests": [
        {
          "title": "Test LOGIN",
          "fullTitle": "Test LOGIN",
          "timedOut": null,
          "duration": 3803,
          "state": "passed",
          "speed": "fast",
          "pass": true,
          "fail": false,
          "pending": false,
          "context": null,
          "code": "loginPage.login(URL, 'standard_user', 'secret_sauce');\nloginPage.assertLogin();",
          "err": {},
          "uuid": "d2889a53-98c7-4883-b953-e25647cecdc5",
          "parentUUID": "93fbe8d1-97df-47b0-adbd-bb1472d9953c",
          "isHook": false,
          "skipped": false
        },
        {
          "title": "Test Sauce Demo Invalid Password",
          "fullTitle": "Test Sauce Demo Invalid Password",
          "timedOut": null,
          "duration": 4419,
          "state": "passed",
          "speed": "fast",
          "pass": true,
          "fail": false,
          "pending": false,
          "context": null,
          "code": "loginPage.login(URL, 'standard_user', 'invalidPass');\nloginPage.assertLoginFail();",
          "err": {},
          "uuid": "255bfbae-bffe-49ad-9fce-bae654bb2a79",
          "parentUUID": "93fbe8d1-97df-47b0-adbd-bb1472d9953c",
          "isHook": false,
          "skipped": false
        },
        {
          "title": "Test Sauce Demo Sauce labs product backpack",
          "fullTitle": "Test Sauce Demo Sauce labs product backpack",
          "timedOut": null,
          "duration": 2633,
          "state": "passed",
          "speed": "fast",
          "pass": true,
          "fail": false,
          "pending": false,
          "context": null,
          "code": "loginPage.login(URL, 'standard_user', 'secret_sauce');\nloginPage.assertLogin();\ndashboardPage.sauceLabsBackpack();",
          "err": {},
          "uuid": "b3b71952-c3cc-48a8-8abb-b75bb597595e",
          "parentUUID": "93fbe8d1-97df-47b0-adbd-bb1472d9953c",
          "isHook": false,
          "skipped": false
        },
        {
          "title": "Filter product from low to high",
          "fullTitle": "Filter product from low to high",
          "timedOut": null,
          "duration": 3161,
          "state": "failed",
          "speed": null,
          "pass": false,
          "fail": true,
          "pending": false,
          "context": null,
          "code": "loginPage.login(URL, 'standard_user', 'secret_sauce');\nloginPage.assertLogin();\ndashboardPage.saucelabfilter();",
          "err": {
            "message": "CypressError: `cy.select()` can only be called on a single `<select>`. Your subject contained 2 elements.\n\nhttps://on.cypress.io/select",
            "estack": "CypressError: `cy.select()` can only be called on a single `<select>`. Your subject contained 2 elements.\n\nhttps://on.cypress.io/select\n    at Context.select (https://www.saucedemo.com/__cypress/runner/cypress_runner.js:153654:78)\n    at Context.<anonymous> (https://www.saucedemo.com/__cypress/runner/cypress_runner.js:173267:19)\nFrom Your Spec Code:\n    at DashboardPage.saucelabfilter (https://www.saucedemo.com/__cypress/tests?p=cypress\\integration\\login.ts:153:29)\n    at Context.eval (https://www.saucedemo.com/__cypress/tests?p=cypress\\integration\\login.ts:120:19)",
            "diff": null
          },
          "uuid": "faf42549-e3af-4fd4-a5bd-84d76ab3322d",
          "parentUUID": "93fbe8d1-97df-47b0-adbd-bb1472d9953c",
          "isHook": false,
          "skipped": false
        },
        {
          "title": "Add to cart",
          "fullTitle": "Add to cart",
          "timedOut": null,
          "duration": 6574,
          "state": "failed",
          "speed": null,
          "pass": false,
          "fail": true,
          "pending": false,
          "context": null,
          "code": "loginPage.login(URL, 'standard_user', 'secret_sauce');\nloginPage.assertLogin();\ndashboardPage.saucelabaddtocart();",
          "err": {
            "message": "AssertionError: Timed out retrying after 4000ms: Expected to find content: '#add-to-cart-sauce-labs-backpack' but never did.",
            "estack": "AssertionError: Timed out retrying after 4000ms: Expected to find content: '#add-to-cart-sauce-labs-backpack' but never did.\n    at DashboardPage.saucelabaddtocart (https://www.saucedemo.com/__cypress/tests?p=cypress\\integration\\login.ts:157:12)\n    at Context.eval (https://www.saucedemo.com/__cypress/tests?p=cypress\\integration\\login.ts:125:19)",
            "diff": null
          },
          "uuid": "1319ee1f-47f4-48f9-b092-b0720f2e2c3b",
          "parentUUID": "93fbe8d1-97df-47b0-adbd-bb1472d9953c",
          "isHook": false,
          "skipped": false
        }
      ],
      "suites": [],
      "passes": [
        "d2889a53-98c7-4883-b953-e25647cecdc5",
        "255bfbae-bffe-49ad-9fce-bae654bb2a79",
        "b3b71952-c3cc-48a8-8abb-b75bb597595e"
      ],
      "failures": [
        "faf42549-e3af-4fd4-a5bd-84d76ab3322d",
        "1319ee1f-47f4-48f9-b092-b0720f2e2c3b"
      ],
      "pending": [],
      "skipped": [],
      "duration": 20590,
      "root": true,
      "rootEmpty": false,
      "_timeout": 2000
    }
  ],
  "meta": {
    "mocha": {
      "version": "7.0.1"
    },
    "mochawesome": {
      "options": {
        "quiet": false,
        "reportFilename": "mochawesome",
        "saveHtml": false,
        "saveJson": true,
        "consoleReporter": "spec",
        "useInlineDiffs": false,
        "code": true
      },
      "version": "7.1.3"
    },
    "marge": {
      "options": {
        "chart": true,
        "overwrite": false,
        "html": false,
        "json": true,
        "reportDir": "cypress/reports"
      },
      "version": "6.2.0"
    }
  }
}