{
  "stats": {
    "suites": 0,
    "tests": 5,
    "passes": 3,
    "pending": 0,
    "failures": 2,
    "start": "2023-02-26T15:47:01.392Z",
    "end": "2023-02-26T15:47:23.514Z",
    "duration": 22122,
    "testsRegistered": 5,
    "passPercent": 60,
    "pendingPercent": 0,
    "other": 0,
    "hasOther": false,
    "skipped": 0,
    "hasSkipped": false
  },
  "results": [
    {
      "uuid": "b1529b90-5568-4776-b365-c510361e61b6",
      "title": "",
      "fullFile": "cypress/integration/login.ts",
      "file": "cypress/integration/login.ts",
      "beforeHooks": [],
      "afterHooks": [],
      "tests": [
        {
          "title": "Test LOGIN",
          "fullTitle": "Test LOGIN",
          "timedOut": null,
          "duration": 3767,
          "state": "passed",
          "speed": "fast",
          "pass": true,
          "fail": false,
          "pending": false,
          "context": null,
          "code": "loginPage.login(URL, 'standard_user', 'secret_sauce');\nloginPage.assertLogin();",
          "err": {},
          "uuid": "e501da82-c20a-4fba-944c-40d83e9a2d0a",
          "parentUUID": "b1529b90-5568-4776-b365-c510361e61b6",
          "isHook": false,
          "skipped": false
        },
        {
          "title": "Test Sauce Demo Invalid Password",
          "fullTitle": "Test Sauce Demo Invalid Password",
          "timedOut": null,
          "duration": 4099,
          "state": "passed",
          "speed": "fast",
          "pass": true,
          "fail": false,
          "pending": false,
          "context": null,
          "code": "loginPage.login(URL, 'standard_user', 'invalidPass');\nloginPage.assertLoginFail();",
          "err": {},
          "uuid": "ea531adf-76a1-49a1-964e-19e06a9d3f02",
          "parentUUID": "b1529b90-5568-4776-b365-c510361e61b6",
          "isHook": false,
          "skipped": false
        },
        {
          "title": "Test Sauce Demo Sauce labs product backpack",
          "fullTitle": "Test Sauce Demo Sauce labs product backpack",
          "timedOut": null,
          "duration": 3110,
          "state": "passed",
          "speed": "fast",
          "pass": true,
          "fail": false,
          "pending": false,
          "context": null,
          "code": "loginPage.login(URL, 'standard_user', 'secret_sauce');\nloginPage.assertLogin();\ndashboardPage.sauceLabsBackpack();",
          "err": {},
          "uuid": "d6d4e6f0-9f77-4be5-bccb-5a80bbaeb28e",
          "parentUUID": "b1529b90-5568-4776-b365-c510361e61b6",
          "isHook": false,
          "skipped": false
        },
        {
          "title": "Filter product from low to high",
          "fullTitle": "Filter product from low to high",
          "timedOut": null,
          "duration": 2352,
          "state": "failed",
          "speed": null,
          "pass": false,
          "fail": true,
          "pending": false,
          "context": null,
          "code": "loginPage.login(URL, 'standard_user', 'secret_sauce');\nloginPage.assertLogin();\ndashboardPage.saucelabfilter();",
          "err": {
            "message": "CypressError: `cy.select()` can only be called on a single `<select>`. Your subject contained 2 elements.\n\nhttps://on.cypress.io/select",
            "estack": "CypressError: `cy.select()` can only be called on a single `<select>`. Your subject contained 2 elements.\n\nhttps://on.cypress.io/select\n    at Context.select (https://www.saucedemo.com/__cypress/runner/cypress_runner.js:153654:78)\n    at Context.<anonymous> (https://www.saucedemo.com/__cypress/runner/cypress_runner.js:173267:19)\nFrom Your Spec Code:\n    at DashboardPage.saucelabfilter (https://www.saucedemo.com/__cypress/tests?p=cypress\\integration\\login.ts:153:29)\n    at Context.eval (https://www.saucedemo.com/__cypress/tests?p=cypress\\integration\\login.ts:120:19)",
            "diff": null
          },
          "uuid": "5f7c54cd-c97e-4789-b6bd-ec68144c0cee",
          "parentUUID": "b1529b90-5568-4776-b365-c510361e61b6",
          "isHook": false,
          "skipped": false
        },
        {
          "title": "Add to cart",
          "fullTitle": "Add to cart",
          "timedOut": null,
          "duration": 6074,
          "state": "failed",
          "speed": null,
          "pass": false,
          "fail": true,
          "pending": false,
          "context": null,
          "code": "loginPage.login(URL, 'standard_user', 'secret_sauce');\nloginPage.assertLogin();\ndashboardPage.saucelabaddtocart();",
          "err": {
            "message": "AssertionError: Timed out retrying after 4000ms: Expected to find content: '#add-to-cart-sauce-labs-backpack' but never did.",
            "estack": "AssertionError: Timed out retrying after 4000ms: Expected to find content: '#add-to-cart-sauce-labs-backpack' but never did.\n    at DashboardPage.saucelabaddtocart (https://www.saucedemo.com/__cypress/tests?p=cypress\\integration\\login.ts:156:12)\n    at Context.eval (https://www.saucedemo.com/__cypress/tests?p=cypress\\integration\\login.ts:125:19)",
            "diff": null
          },
          "uuid": "10f18f46-0574-430e-872a-94aef2a5509f",
          "parentUUID": "b1529b90-5568-4776-b365-c510361e61b6",
          "isHook": false,
          "skipped": false
        }
      ],
      "suites": [],
      "passes": [
        "e501da82-c20a-4fba-944c-40d83e9a2d0a",
        "ea531adf-76a1-49a1-964e-19e06a9d3f02",
        "d6d4e6f0-9f77-4be5-bccb-5a80bbaeb28e"
      ],
      "failures": [
        "5f7c54cd-c97e-4789-b6bd-ec68144c0cee",
        "10f18f46-0574-430e-872a-94aef2a5509f"
      ],
      "pending": [],
      "skipped": [],
      "duration": 19402,
      "root": true,
      "rootEmpty": false,
      "_timeout": 2000
    }
  ],
  "meta": {
    "mocha": {
      "version": "7.0.1"
    },
    "mochawesome": {
      "options": {
        "quiet": false,
        "reportFilename": "mochawesome",
        "saveHtml": false,
        "saveJson": true,
        "consoleReporter": "spec",
        "useInlineDiffs": false,
        "code": true
      },
      "version": "7.1.3"
    },
    "marge": {
      "options": {
        "chart": true,
        "overwrite": false,
        "html": false,
        "json": true,
        "reportDir": "cypress/reports"
      },
      "version": "6.2.0"
    }
  }
}